  main.cpp
C:\Users\PICHAU\source\repos\gamejaaj\main.cpp(71,47): warning C4244:  'argumento': conversão de 'float' para 'unsigned int', possível perda de dados
C:\Users\PICHAU\source\repos\gamejaaj\main.cpp(91,84): warning C4305:  'argumento': truncamento de 'double' para 'float'
C:\Users\PICHAU\source\repos\gamejaaj\main.cpp(92,117): warning C4305:  'argumento': truncamento de 'double' para 'float'
C:\Users\PICHAU\source\repos\gamejaaj\main.cpp(96,97): warning C4305:  'argumento': truncamento de 'double' para 'float'
C:\Users\PICHAU\source\repos\gamejaaj\main.cpp(100,118): warning C4305:  'argumento': truncamento de 'double' para 'float'
C:\Users\PICHAU\source\repos\gamejaaj\main.cpp(103,114): warning C4305:  'argumento': truncamento de 'double' para 'float'
C:\Users\PICHAU\source\repos\gamejaaj\main.cpp(106,74): warning C4305:  'argumento': truncamento de 'double' para 'float'
C:\Users\PICHAU\source\repos\gamejaaj\main.cpp(110,64): warning C4305:  'argumento': truncamento de 'double' para 'float'
C:\Users\PICHAU\source\repos\gamejaaj\main.cpp(114,69): warning C4305:  'argumento': truncamento de 'double' para 'float'
C:\Users\PICHAU\source\repos\gamejaaj\main.cpp(117,142): warning C4305:  'argumento': truncamento de 'double' para 'float'
C:\Users\PICHAU\source\repos\gamejaaj\main.cpp(120,124): warning C4305:  'argumento': truncamento de 'double' para 'float'
C:\Users\PICHAU\source\repos\gamejaaj\main.cpp(123,124): warning C4305:  'argumento': truncamento de 'double' para 'float'
C:\Users\PICHAU\source\repos\gamejaaj\main.cpp(126,78): warning C4305:  'argumento': truncamento de 'double' para 'float'
C:\Users\PICHAU\source\repos\gamejaaj\main.cpp(130,55): warning C4305:  'argumento': truncamento de 'double' para 'float'
C:\Users\PICHAU\source\repos\gamejaaj\main.cpp(140,69): warning C4244:  'argumento': conversão de 'double' para 'float', possível perda de dados
C:\Users\PICHAU\source\repos\gamejaaj\main.cpp(140,38): warning C4244:  'argumento': conversão de 'double' para 'float', possível perda de dados
C:\Users\PICHAU\source\repos\gamejaaj\main.cpp(160,46): warning C4244:  'argumento': conversão de 'double' para 'unsigned int', possível perda de dados
C:\Users\PICHAU\source\repos\gamejaaj\main.cpp(161,46): warning C4244:  'argumento': conversão de 'double' para 'unsigned int', possível perda de dados
C:\Users\PICHAU\source\repos\gamejaaj\main.cpp(162,46): warning C4244:  'argumento': conversão de 'double' para 'unsigned int', possível perda de dados
C:\Users\PICHAU\source\repos\gamejaaj\main.cpp(163,46): warning C4244:  'argumento': conversão de 'double' para 'unsigned int', possível perda de dados
C:\Users\PICHAU\source\repos\gamejaaj\main.cpp(164,122): warning C4244:  'argumento': conversão de 'double' para 'float', possível perda de dados
C:\Users\PICHAU\source\repos\gamejaaj\main.cpp(164,45): warning C4244:  'argumento': conversão de 'double' para 'float', possível perda de dados
C:\Users\PICHAU\source\repos\gamejaaj\main.cpp(165,77): warning C4244:  'argumento': conversão de 'double' para 'float', possível perda de dados
C:\Users\PICHAU\source\repos\gamejaaj\main.cpp(165,41): warning C4244:  'argumento': conversão de 'double' para 'float', possível perda de dados
C:\Users\PICHAU\source\repos\gamejaaj\main.cpp(166,77): warning C4244:  'argumento': conversão de 'double' para 'float', possível perda de dados
C:\Users\PICHAU\source\repos\gamejaaj\main.cpp(166,41): warning C4244:  'argumento': conversão de 'double' para 'float', possível perda de dados
C:\Users\PICHAU\source\repos\gamejaaj\main.cpp(167,77): warning C4244:  'argumento': conversão de 'double' para 'float', possível perda de dados
C:\Users\PICHAU\source\repos\gamejaaj\main.cpp(167,41): warning C4244:  'argumento': conversão de 'double' para 'float', possível perda de dados
C:\Users\PICHAU\source\repos\gamejaaj\main.cpp(170,96): warning C4244:  'argumento': conversão de 'T' para 'T', possível perda de dados
C:\Users\PICHAU\source\repos\gamejaaj\main.cpp(170,96): warning C4244:         with
C:\Users\PICHAU\source\repos\gamejaaj\main.cpp(170,96): warning C4244:         [
C:\Users\PICHAU\source\repos\gamejaaj\main.cpp(170,96): warning C4244:             T=int
C:\Users\PICHAU\source\repos\gamejaaj\main.cpp(170,96): warning C4244:         ]
C:\Users\PICHAU\source\repos\gamejaaj\main.cpp(170,96): warning C4244:         and
C:\Users\PICHAU\source\repos\gamejaaj\main.cpp(170,96): warning C4244:         [
C:\Users\PICHAU\source\repos\gamejaaj\main.cpp(170,96): warning C4244:             T=float
C:\Users\PICHAU\source\repos\gamejaaj\main.cpp(170,96): warning C4244:         ]
C:\Users\PICHAU\source\repos\gamejaaj\main.cpp(170,65): warning C4244:  'argumento': conversão de 'T' para 'T', possível perda de dados
C:\Users\PICHAU\source\repos\gamejaaj\main.cpp(170,65): warning C4244:         with
C:\Users\PICHAU\source\repos\gamejaaj\main.cpp(170,65): warning C4244:         [
C:\Users\PICHAU\source\repos\gamejaaj\main.cpp(170,65): warning C4244:             T=int
C:\Users\PICHAU\source\repos\gamejaaj\main.cpp(170,65): warning C4244:         ]
C:\Users\PICHAU\source\repos\gamejaaj\main.cpp(170,65): warning C4244:         and
C:\Users\PICHAU\source\repos\gamejaaj\main.cpp(170,65): warning C4244:         [
C:\Users\PICHAU\source\repos\gamejaaj\main.cpp(170,65): warning C4244:             T=float
C:\Users\PICHAU\source\repos\gamejaaj\main.cpp(170,65): warning C4244:         ]
C:\Users\PICHAU\source\repos\gamejaaj\main.cpp(175,101): warning C4244:  'argumento': conversão de 'T' para 'T', possível perda de dados
C:\Users\PICHAU\source\repos\gamejaaj\main.cpp(175,101): warning C4244:         with
C:\Users\PICHAU\source\repos\gamejaaj\main.cpp(175,101): warning C4244:         [
C:\Users\PICHAU\source\repos\gamejaaj\main.cpp(175,101): warning C4244:             T=int
C:\Users\PICHAU\source\repos\gamejaaj\main.cpp(175,101): warning C4244:         ]
C:\Users\PICHAU\source\repos\gamejaaj\main.cpp(175,101): warning C4244:         and
C:\Users\PICHAU\source\repos\gamejaaj\main.cpp(175,101): warning C4244:         [
C:\Users\PICHAU\source\repos\gamejaaj\main.cpp(175,101): warning C4244:             T=float
C:\Users\PICHAU\source\repos\gamejaaj\main.cpp(175,101): warning C4244:         ]
C:\Users\PICHAU\source\repos\gamejaaj\main.cpp(175,70): warning C4244:  'argumento': conversão de 'T' para 'T', possível perda de dados
C:\Users\PICHAU\source\repos\gamejaaj\main.cpp(175,70): warning C4244:         with
C:\Users\PICHAU\source\repos\gamejaaj\main.cpp(175,70): warning C4244:         [
C:\Users\PICHAU\source\repos\gamejaaj\main.cpp(175,70): warning C4244:             T=int
C:\Users\PICHAU\source\repos\gamejaaj\main.cpp(175,70): warning C4244:         ]
C:\Users\PICHAU\source\repos\gamejaaj\main.cpp(175,70): warning C4244:         and
C:\Users\PICHAU\source\repos\gamejaaj\main.cpp(175,70): warning C4244:         [
C:\Users\PICHAU\source\repos\gamejaaj\main.cpp(175,70): warning C4244:             T=float
C:\Users\PICHAU\source\repos\gamejaaj\main.cpp(175,70): warning C4244:         ]
C:\Users\PICHAU\source\repos\gamejaaj\main.cpp(180,101): warning C4244:  'argumento': conversão de 'T' para 'T', possível perda de dados
C:\Users\PICHAU\source\repos\gamejaaj\main.cpp(180,101): warning C4244:         with
C:\Users\PICHAU\source\repos\gamejaaj\main.cpp(180,101): warning C4244:         [
C:\Users\PICHAU\source\repos\gamejaaj\main.cpp(180,101): warning C4244:             T=int
C:\Users\PICHAU\source\repos\gamejaaj\main.cpp(180,101): warning C4244:         ]
C:\Users\PICHAU\source\repos\gamejaaj\main.cpp(180,101): warning C4244:         and
C:\Users\PICHAU\source\repos\gamejaaj\main.cpp(180,101): warning C4244:         [
C:\Users\PICHAU\source\repos\gamejaaj\main.cpp(180,101): warning C4244:             T=float
C:\Users\PICHAU\source\repos\gamejaaj\main.cpp(180,101): warning C4244:         ]
C:\Users\PICHAU\source\repos\gamejaaj\main.cpp(180,70): warning C4244:  'argumento': conversão de 'T' para 'T', possível perda de dados
C:\Users\PICHAU\source\repos\gamejaaj\main.cpp(180,70): warning C4244:         with
C:\Users\PICHAU\source\repos\gamejaaj\main.cpp(180,70): warning C4244:         [
C:\Users\PICHAU\source\repos\gamejaaj\main.cpp(180,70): warning C4244:             T=int
C:\Users\PICHAU\source\repos\gamejaaj\main.cpp(180,70): warning C4244:         ]
C:\Users\PICHAU\source\repos\gamejaaj\main.cpp(180,70): warning C4244:         and
C:\Users\PICHAU\source\repos\gamejaaj\main.cpp(180,70): warning C4244:         [
C:\Users\PICHAU\source\repos\gamejaaj\main.cpp(180,70): warning C4244:             T=float
C:\Users\PICHAU\source\repos\gamejaaj\main.cpp(180,70): warning C4244:         ]
C:\Users\PICHAU\source\repos\gamejaaj\main.cpp(215,67): warning C4244:  'argumento': conversão de 'double' para 'float', possível perda de dados
C:\Users\PICHAU\source\repos\gamejaaj\main.cpp(215,37): warning C4244:  'argumento': conversão de 'double' para 'float', possível perda de dados
C:\Users\PICHAU\source\repos\gamejaaj\main.cpp(222,50): warning C4244:  'argumento': conversão de 'double' para 'unsigned int', possível perda de dados
C:\Users\PICHAU\source\repos\gamejaaj\main.cpp(223,119): warning C4244:  'argumento': conversão de 'double' para 'float', possível perda de dados
C:\Users\PICHAU\source\repos\gamejaaj\main.cpp(227,46): warning C4244:  'argumento': conversão de 'double' para 'unsigned int', possível perda de dados
C:\Users\PICHAU\source\repos\gamejaaj\main.cpp(228,81): warning C4244:  'argumento': conversão de 'T' para 'float', possível perda de dados
C:\Users\PICHAU\source\repos\gamejaaj\main.cpp(228,81): warning C4244:         with
C:\Users\PICHAU\source\repos\gamejaaj\main.cpp(228,81): warning C4244:         [
C:\Users\PICHAU\source\repos\gamejaaj\main.cpp(228,81): warning C4244:             T=unsigned int
C:\Users\PICHAU\source\repos\gamejaaj\main.cpp(228,81): warning C4244:         ]
C:\Users\PICHAU\source\repos\gamejaaj\main.cpp(228,45): warning C4244:  'argumento': conversão de 'T' para 'float', possível perda de dados
C:\Users\PICHAU\source\repos\gamejaaj\main.cpp(228,45): warning C4244:         with
C:\Users\PICHAU\source\repos\gamejaaj\main.cpp(228,45): warning C4244:         [
C:\Users\PICHAU\source\repos\gamejaaj\main.cpp(228,45): warning C4244:             T=unsigned int
C:\Users\PICHAU\source\repos\gamejaaj\main.cpp(228,45): warning C4244:         ]
C:\Users\PICHAU\source\repos\gamejaaj\main.cpp(232,47): warning C4244:  'argumento': conversão de 'double' para 'unsigned int', possível perda de dados
C:\Users\PICHAU\source\repos\gamejaaj\main.cpp(233,114): warning C4244:  'argumento': conversão de 'T' para 'float', possível perda de dados
C:\Users\PICHAU\source\repos\gamejaaj\main.cpp(233,114): warning C4244:         with
C:\Users\PICHAU\source\repos\gamejaaj\main.cpp(233,114): warning C4244:         [
C:\Users\PICHAU\source\repos\gamejaaj\main.cpp(233,114): warning C4244:             T=unsigned int
C:\Users\PICHAU\source\repos\gamejaaj\main.cpp(233,114): warning C4244:         ]
C:\Users\PICHAU\source\repos\gamejaaj\main.cpp(236,96): warning C4244:  'argumento': conversão de 'T' para 'T', possível perda de dados
C:\Users\PICHAU\source\repos\gamejaaj\main.cpp(236,96): warning C4244:         with
C:\Users\PICHAU\source\repos\gamejaaj\main.cpp(236,96): warning C4244:         [
C:\Users\PICHAU\source\repos\gamejaaj\main.cpp(236,96): warning C4244:             T=int
C:\Users\PICHAU\source\repos\gamejaaj\main.cpp(236,96): warning C4244:         ]
C:\Users\PICHAU\source\repos\gamejaaj\main.cpp(236,96): warning C4244:         and
C:\Users\PICHAU\source\repos\gamejaaj\main.cpp(236,96): warning C4244:         [
C:\Users\PICHAU\source\repos\gamejaaj\main.cpp(236,96): warning C4244:             T=float
C:\Users\PICHAU\source\repos\gamejaaj\main.cpp(236,96): warning C4244:         ]
C:\Users\PICHAU\source\repos\gamejaaj\main.cpp(236,65): warning C4244:  'argumento': conversão de 'T' para 'T', possível perda de dados
C:\Users\PICHAU\source\repos\gamejaaj\main.cpp(236,65): warning C4244:         with
C:\Users\PICHAU\source\repos\gamejaaj\main.cpp(236,65): warning C4244:         [
C:\Users\PICHAU\source\repos\gamejaaj\main.cpp(236,65): warning C4244:             T=int
C:\Users\PICHAU\source\repos\gamejaaj\main.cpp(236,65): warning C4244:         ]
C:\Users\PICHAU\source\repos\gamejaaj\main.cpp(236,65): warning C4244:         and
C:\Users\PICHAU\source\repos\gamejaaj\main.cpp(236,65): warning C4244:         [
C:\Users\PICHAU\source\repos\gamejaaj\main.cpp(236,65): warning C4244:             T=float
C:\Users\PICHAU\source\repos\gamejaaj\main.cpp(236,65): warning C4244:         ]
C:\Users\PICHAU\source\repos\gamejaaj\main.cpp(241,102): warning C4244:  'argumento': conversão de 'T' para 'T', possível perda de dados
C:\Users\PICHAU\source\repos\gamejaaj\main.cpp(241,102): warning C4244:         with
C:\Users\PICHAU\source\repos\gamejaaj\main.cpp(241,102): warning C4244:         [
C:\Users\PICHAU\source\repos\gamejaaj\main.cpp(241,102): warning C4244:             T=int
C:\Users\PICHAU\source\repos\gamejaaj\main.cpp(241,102): warning C4244:         ]
C:\Users\PICHAU\source\repos\gamejaaj\main.cpp(241,102): warning C4244:         and
C:\Users\PICHAU\source\repos\gamejaaj\main.cpp(241,102): warning C4244:         [
C:\Users\PICHAU\source\repos\gamejaaj\main.cpp(241,102): warning C4244:             T=float
C:\Users\PICHAU\source\repos\gamejaaj\main.cpp(241,102): warning C4244:         ]
C:\Users\PICHAU\source\repos\gamejaaj\main.cpp(241,71): warning C4244:  'argumento': conversão de 'T' para 'T', possível perda de dados
C:\Users\PICHAU\source\repos\gamejaaj\main.cpp(241,71): warning C4244:         with
C:\Users\PICHAU\source\repos\gamejaaj\main.cpp(241,71): warning C4244:         [
C:\Users\PICHAU\source\repos\gamejaaj\main.cpp(241,71): warning C4244:             T=int
C:\Users\PICHAU\source\repos\gamejaaj\main.cpp(241,71): warning C4244:         ]
C:\Users\PICHAU\source\repos\gamejaaj\main.cpp(241,71): warning C4244:         and
C:\Users\PICHAU\source\repos\gamejaaj\main.cpp(241,71): warning C4244:         [
C:\Users\PICHAU\source\repos\gamejaaj\main.cpp(241,71): warning C4244:             T=float
C:\Users\PICHAU\source\repos\gamejaaj\main.cpp(241,71): warning C4244:         ]
C:\Users\PICHAU\source\repos\gamejaaj\main.cpp(265,69): warning C4244:  'argumento': conversão de 'double' para 'float', possível perda de dados
C:\Users\PICHAU\source\repos\gamejaaj\main.cpp(265,37): warning C4244:  'argumento': conversão de 'double' para 'float', possível perda de dados
C:\Users\PICHAU\source\repos\gamejaaj\main.cpp(269,83): warning C4244:  'argumento': conversão de 'double' para 'float', possível perda de dados
C:\Users\PICHAU\source\repos\gamejaaj\main.cpp(269,47): warning C4244:  'argumento': conversão de 'double' para 'float', possível perda de dados
C:\Users\PICHAU\source\repos\gamejaaj\main.cpp(270,88): warning C4244:  'argumento': conversão de 'double' para 'float', possível perda de dados
C:\Users\PICHAU\source\repos\gamejaaj\main.cpp(270,51): warning C4244:  'argumento': conversão de 'double' para 'float', possível perda de dados
C:\Users\PICHAU\source\repos\gamejaaj\main.cpp(280,10): warning C4244:  '=': conversão de 'float' para 'int', possível perda de dados
C:\Users\PICHAU\source\repos\gamejaaj\main.cpp(285,74): warning C4244:  'argumento': conversão de 'double' para 'float', possível perda de dados
C:\Users\PICHAU\source\repos\gamejaaj\main.cpp(285,48): warning C4244:  'argumento': conversão de 'double' para 'float', possível perda de dados
C:\Users\PICHAU\source\repos\gamejaaj\main.cpp(286,89): warning C4244:  'argumento': conversão de 'double' para 'float', possível perda de dados
C:\Users\PICHAU\source\repos\gamejaaj\main.cpp(286,52): warning C4244:  'argumento': conversão de 'double' para 'float', possível perda de dados
C:\Users\PICHAU\source\repos\gamejaaj\main.cpp(288,91): warning C4244:  'argumento': conversão de 'float' para 'sf::Uint8', possível perda de dados
C:\Users\PICHAU\source\repos\gamejaaj\main.cpp(288,61): warning C4244:  'argumento': conversão de 'float' para 'sf::Uint8', possível perda de dados
C:\Users\PICHAU\source\repos\gamejaaj\main.cpp(288,31): warning C4244:  'argumento': conversão de 'float' para 'sf::Uint8', possível perda de dados
C:\Users\PICHAU\source\repos\gamejaaj\main.cpp(312,21): warning C4244:  '=': conversão de 'double' para 'float', possível perda de dados
C:\Users\PICHAU\source\repos\gamejaaj\main.cpp(318,21): warning C4244:  '=': conversão de 'double' para 'float', possível perda de dados
C:\Users\PICHAU\source\repos\gamejaaj\main.cpp(329,199): warning C4244:  '=': conversão de 'double' para 'float', possível perda de dados
C:\Users\PICHAU\source\repos\gamejaaj\main.cpp(335,198): warning C4244:  '=': conversão de 'double' para 'float', possível perda de dados
C:\Users\PICHAU\source\repos\gamejaaj\main.cpp(340,33): warning C4244:  '=': conversão de 'double' para 'float', possível perda de dados
C:\Users\PICHAU\source\repos\gamejaaj\main.cpp(347,25): warning C4244:  '=': conversão de 'double' para 'float', possível perda de dados
C:\Users\PICHAU\source\repos\gamejaaj\main.cpp(373,70): warning C4244:  'argumento': conversão de 'double' para 'float', possível perda de dados
C:\Users\PICHAU\source\repos\gamejaaj\main.cpp(373,37): warning C4244:  'argumento': conversão de 'double' para 'float', possível perda de dados
C:\Users\PICHAU\source\repos\gamejaaj\main.cpp(376,74): warning C4244:  'argumento': conversão de 'double' para 'float', possível perda de dados
C:\Users\PICHAU\source\repos\gamejaaj\main.cpp(376,43): warning C4244:  'argumento': conversão de 'double' para 'float', possível perda de dados
C:\Users\PICHAU\source\repos\gamejaaj\main.cpp(377,85): warning C4244:  'argumento': conversão de 'float' para 'sf::Uint8', possível perda de dados
C:\Users\PICHAU\source\repos\gamejaaj\main.cpp(377,55): warning C4244:  'argumento': conversão de 'float' para 'sf::Uint8', possível perda de dados
C:\Users\PICHAU\source\repos\gamejaaj\main.cpp(377,25): warning C4244:  'argumento': conversão de 'float' para 'sf::Uint8', possível perda de dados
C:\Users\PICHAU\source\repos\gamejaaj\main.cpp(380,60): warning C4244:  'argumento': conversão de 'double' para 'float', possível perda de dados
C:\Users\PICHAU\source\repos\gamejaaj\main.cpp(383,157): warning C4244:  'argumento': conversão de 'double' para 'float', possível perda de dados
C:\Users\PICHAU\source\repos\gamejaaj\main.cpp(383,103): warning C4244:  'argumento': conversão de 'double' para 'float', possível perda de dados
C:\Users\PICHAU\source\repos\gamejaaj\main.cpp(384,151): warning C4244:  'argumento': conversão de 'double' para 'float', possível perda de dados
C:\Users\PICHAU\source\repos\gamejaaj\main.cpp(384,101): warning C4244:  'argumento': conversão de 'double' para 'float', possível perda de dados
C:\Users\PICHAU\source\repos\gamejaaj\main.cpp(385,141): warning C4244:  'argumento': conversão de 'double' para 'float', possível perda de dados
C:\Users\PICHAU\source\repos\gamejaaj\main.cpp(385,98): warning C4244:  'argumento': conversão de 'double' para 'float', possível perda de dados
C:\Users\PICHAU\source\repos\gamejaaj\main.cpp(386,64): warning C4244:  'argumento': conversão de 'double' para 'float', possível perda de dados
C:\Users\PICHAU\source\repos\gamejaaj\main.cpp(386,33): warning C4244:  'argumento': conversão de 'double' para 'float', possível perda de dados
C:\Users\PICHAU\source\repos\gamejaaj\main.cpp(387,65): warning C4244:  'argumento': conversão de 'double' para 'float', possível perda de dados
C:\Users\PICHAU\source\repos\gamejaaj\main.cpp(387,34): warning C4244:  'argumento': conversão de 'double' para 'float', possível perda de dados
C:\Users\PICHAU\source\repos\gamejaaj\main.cpp(389,24): warning C4244:  '=': conversão de 'double' para 'float', possível perda de dados
C:\Users\PICHAU\source\repos\gamejaaj\main.cpp(424,101): warning C4244:  'argumento': conversão de 'double' para 'float', possível perda de dados
C:\Users\PICHAU\source\repos\gamejaaj\main.cpp(424,72): warning C4244:  'argumento': conversão de 'double' para 'float', possível perda de dados
C:\Users\PICHAU\source\repos\gamejaaj\main.cpp(430,26): warning C4244:  '=': conversão de 'double' para 'float', possível perda de dados
C:\Users\PICHAU\source\repos\gamejaaj\main.cpp(437,130): warning C4244:  'argumento': conversão de 'double' para 'float', possível perda de dados
C:\Users\PICHAU\source\repos\gamejaaj\main.cpp(437,101): warning C4244:  'argumento': conversão de 'double' para 'float', possível perda de dados
C:\Users\PICHAU\source\repos\gamejaaj\main.cpp(442,26): warning C4244:  '=': conversão de 'double' para 'float', possível perda de dados
C:\Users\PICHAU\source\repos\gamejaaj\main.cpp(510,132): warning C4244:  'argumento': conversão de 'double' para 'float', possível perda de dados
C:\Users\PICHAU\source\repos\gamejaaj\main.cpp(510,103): warning C4244:  'argumento': conversão de 'double' para 'float', possível perda de dados
C:\Users\PICHAU\source\repos\gamejaaj\main.cpp(514,132): warning C4244:  'argumento': conversão de 'double' para 'float', possível perda de dados
C:\Users\PICHAU\source\repos\gamejaaj\main.cpp(514,103): warning C4244:  'argumento': conversão de 'double' para 'float', possível perda de dados
C:\Users\PICHAU\source\repos\gamejaaj\main.cpp(519,26): warning C4244:  '=': conversão de 'double' para 'float', possível perda de dados
C:\Users\PICHAU\source\repos\gamejaaj\main.cpp(592,132): warning C4244:  'argumento': conversão de 'double' para 'float', possível perda de dados
C:\Users\PICHAU\source\repos\gamejaaj\main.cpp(592,103): warning C4244:  'argumento': conversão de 'double' para 'float', possível perda de dados
C:\Users\PICHAU\source\repos\gamejaaj\main.cpp(597,26): warning C4244:  '=': conversão de 'double' para 'float', possível perda de dados
C:\Users\PICHAU\source\repos\gamejaaj\main.cpp(635,139): warning C4244:  'argumento': conversão de 'double' para 'float', possível perda de dados
C:\Users\PICHAU\source\repos\gamejaaj\main.cpp(635,104): warning C4244:  'argumento': conversão de 'double' para 'float', possível perda de dados
C:\Users\PICHAU\source\repos\gamejaaj\main.cpp(640,26): warning C4244:  '=': conversão de 'double' para 'float', possível perda de dados
C:\Users\PICHAU\source\repos\gamejaaj\main.cpp(683,143): warning C4244:  'argumento': conversão de 'double' para 'float', possível perda de dados
C:\Users\PICHAU\source\repos\gamejaaj\main.cpp(683,106): warning C4244:  'argumento': conversão de 'double' para 'float', possível perda de dados
C:\Users\PICHAU\source\repos\gamejaaj\main.cpp(687,143): warning C4244:  'argumento': conversão de 'double' para 'float', possível perda de dados
C:\Users\PICHAU\source\repos\gamejaaj\main.cpp(687,106): warning C4244:  'argumento': conversão de 'double' para 'float', possível perda de dados
C:\Users\PICHAU\source\repos\gamejaaj\main.cpp(691,143): warning C4244:  'argumento': conversão de 'double' para 'float', possível perda de dados
C:\Users\PICHAU\source\repos\gamejaaj\main.cpp(691,106): warning C4244:  'argumento': conversão de 'double' para 'float', possível perda de dados
C:\Users\PICHAU\source\repos\gamejaaj\main.cpp(695,144): warning C4244:  'argumento': conversão de 'double' para 'float', possível perda de dados
C:\Users\PICHAU\source\repos\gamejaaj\main.cpp(695,107): warning C4244:  'argumento': conversão de 'double' para 'float', possível perda de dados
C:\Users\PICHAU\source\repos\gamejaaj\main.cpp(700,26): warning C4244:  '=': conversão de 'double' para 'float', possível perda de dados
C:\Users\PICHAU\source\repos\gamejaaj\main.cpp(727,89): warning C4244:  'argumento': conversão de 'float' para 'sf::Uint8', possível perda de dados
C:\Users\PICHAU\source\repos\gamejaaj\main.cpp(727,59): warning C4244:  'argumento': conversão de 'float' para 'sf::Uint8', possível perda de dados
C:\Users\PICHAU\source\repos\gamejaaj\main.cpp(727,29): warning C4244:  'argumento': conversão de 'float' para 'sf::Uint8', possível perda de dados
C:\Users\PICHAU\source\repos\gamejaaj\main.cpp(728,89): warning C4244:  'argumento': conversão de 'float' para 'sf::Uint8', possível perda de dados
C:\Users\PICHAU\source\repos\gamejaaj\main.cpp(728,59): warning C4244:  'argumento': conversão de 'float' para 'sf::Uint8', possível perda de dados
C:\Users\PICHAU\source\repos\gamejaaj\main.cpp(728,29): warning C4244:  'argumento': conversão de 'float' para 'sf::Uint8', possível perda de dados
C:\Users\PICHAU\source\repos\gamejaaj\main.cpp(729,89): warning C4244:  'argumento': conversão de 'float' para 'sf::Uint8', possível perda de dados
C:\Users\PICHAU\source\repos\gamejaaj\main.cpp(729,59): warning C4244:  'argumento': conversão de 'float' para 'sf::Uint8', possível perda de dados
C:\Users\PICHAU\source\repos\gamejaaj\main.cpp(729,29): warning C4244:  'argumento': conversão de 'float' para 'sf::Uint8', possível perda de dados
C:\Users\PICHAU\source\repos\gamejaaj\main.cpp(730,89): warning C4244:  'argumento': conversão de 'float' para 'sf::Uint8', possível perda de dados
C:\Users\PICHAU\source\repos\gamejaaj\main.cpp(730,59): warning C4244:  'argumento': conversão de 'float' para 'sf::Uint8', possível perda de dados
C:\Users\PICHAU\source\repos\gamejaaj\main.cpp(730,29): warning C4244:  'argumento': conversão de 'float' para 'sf::Uint8', possível perda de dados
C:\Users\PICHAU\source\repos\gamejaaj\main.cpp(731,89): warning C4244:  'argumento': conversão de 'float' para 'sf::Uint8', possível perda de dados
C:\Users\PICHAU\source\repos\gamejaaj\main.cpp(731,59): warning C4244:  'argumento': conversão de 'float' para 'sf::Uint8', possível perda de dados
C:\Users\PICHAU\source\repos\gamejaaj\main.cpp(731,29): warning C4244:  'argumento': conversão de 'float' para 'sf::Uint8', possível perda de dados
C:\Users\PICHAU\source\repos\gamejaaj\main.cpp(732,89): warning C4244:  'argumento': conversão de 'float' para 'sf::Uint8', possível perda de dados
C:\Users\PICHAU\source\repos\gamejaaj\main.cpp(732,59): warning C4244:  'argumento': conversão de 'float' para 'sf::Uint8', possível perda de dados
C:\Users\PICHAU\source\repos\gamejaaj\main.cpp(732,29): warning C4244:  'argumento': conversão de 'float' para 'sf::Uint8', possível perda de dados
C:\Users\PICHAU\source\repos\gamejaaj\main.cpp(733,89): warning C4244:  'argumento': conversão de 'float' para 'sf::Uint8', possível perda de dados
C:\Users\PICHAU\source\repos\gamejaaj\main.cpp(733,59): warning C4244:  'argumento': conversão de 'float' para 'sf::Uint8', possível perda de dados
C:\Users\PICHAU\source\repos\gamejaaj\main.cpp(733,29): warning C4244:  'argumento': conversão de 'float' para 'sf::Uint8', possível perda de dados
C:\Users\PICHAU\source\repos\gamejaaj\main.cpp(734,89): warning C4244:  'argumento': conversão de 'float' para 'sf::Uint8', possível perda de dados
C:\Users\PICHAU\source\repos\gamejaaj\main.cpp(734,59): warning C4244:  'argumento': conversão de 'float' para 'sf::Uint8', possível perda de dados
C:\Users\PICHAU\source\repos\gamejaaj\main.cpp(734,29): warning C4244:  'argumento': conversão de 'float' para 'sf::Uint8', possível perda de dados
C:\Users\PICHAU\source\repos\gamejaaj\main.cpp(735,89): warning C4244:  'argumento': conversão de 'float' para 'sf::Uint8', possível perda de dados
C:\Users\PICHAU\source\repos\gamejaaj\main.cpp(735,59): warning C4244:  'argumento': conversão de 'float' para 'sf::Uint8', possível perda de dados
C:\Users\PICHAU\source\repos\gamejaaj\main.cpp(735,29): warning C4244:  'argumento': conversão de 'float' para 'sf::Uint8', possível perda de dados
C:\Users\PICHAU\source\repos\gamejaaj\main.cpp(736,89): warning C4244:  'argumento': conversão de 'float' para 'sf::Uint8', possível perda de dados
C:\Users\PICHAU\source\repos\gamejaaj\main.cpp(736,59): warning C4244:  'argumento': conversão de 'float' para 'sf::Uint8', possível perda de dados
C:\Users\PICHAU\source\repos\gamejaaj\main.cpp(736,29): warning C4244:  'argumento': conversão de 'float' para 'sf::Uint8', possível perda de dados
C:\Users\PICHAU\source\repos\gamejaaj\main.cpp(757,73): warning C4305:  'argumento': truncamento de 'double' para 'float'
C:\Users\PICHAU\source\repos\gamejaaj\main.cpp(759,85): warning C4305:  'argumento': truncamento de 'double' para 'float'
C:\Users\PICHAU\source\repos\gamejaaj\main.cpp(761,79): warning C4305:  'argumento': truncamento de 'double' para 'float'
C:\Users\PICHAU\source\repos\gamejaaj\main.cpp(763,84): warning C4305:  'argumento': truncamento de 'double' para 'float'
C:\Users\PICHAU\source\repos\gamejaaj\main.cpp(765,84): warning C4305:  'argumento': truncamento de 'double' para 'float'
C:\Users\PICHAU\source\repos\gamejaaj\main.cpp(767,73): warning C4305:  'argumento': truncamento de 'double' para 'float'
C:\Users\PICHAU\source\repos\gamejaaj\main.cpp(811,66): warning C4305:  'argumento': truncamento de 'double' para 'float'
C:\Users\PICHAU\source\repos\gamejaaj\main.cpp(812,74): warning C4305:  'argumento': truncamento de 'double' para 'float'
C:\Users\PICHAU\source\repos\gamejaaj\main.cpp(256,6): warning C4101:  'h': variável local não referenciada
C:\Users\PICHAU\source\repos\gamejaaj\main.cpp(843,48): warning C4244:  'argumento': conversão de 'double' para 'unsigned int', possível perda de dados
C:\Users\PICHAU\source\repos\gamejaaj\main.cpp(844,102): warning C4244:  'argumento': conversão de 'double' para 'float', possível perda de dados
C:\Users\PICHAU\source\repos\gamejaaj\main.cpp(871,48): warning C4244:  'argumento': conversão de 'double' para 'unsigned int', possível perda de dados
C:\Users\PICHAU\source\repos\gamejaaj\main.cpp(872,75): warning C4244:  'argumento': conversão de 'double' para 'float', possível perda de dados
C:\Users\PICHAU\source\repos\gamejaaj\main.cpp(872,42): warning C4244:  'argumento': conversão de 'double' para 'float', possível perda de dados
C:\Users\PICHAU\source\repos\gamejaaj\main.cpp(876,49): warning C4244:  'argumento': conversão de 'double' para 'unsigned int', possível perda de dados
C:\Users\PICHAU\source\repos\gamejaaj\main.cpp(880,98): warning C4244:  'argumento': conversão de 'T' para 'T', possível perda de dados
C:\Users\PICHAU\source\repos\gamejaaj\main.cpp(880,98): warning C4244:         with
C:\Users\PICHAU\source\repos\gamejaaj\main.cpp(880,98): warning C4244:         [
C:\Users\PICHAU\source\repos\gamejaaj\main.cpp(880,98): warning C4244:             T=int
C:\Users\PICHAU\source\repos\gamejaaj\main.cpp(880,98): warning C4244:         ]
C:\Users\PICHAU\source\repos\gamejaaj\main.cpp(880,98): warning C4244:         and
C:\Users\PICHAU\source\repos\gamejaaj\main.cpp(880,98): warning C4244:         [
C:\Users\PICHAU\source\repos\gamejaaj\main.cpp(880,98): warning C4244:             T=float
C:\Users\PICHAU\source\repos\gamejaaj\main.cpp(880,98): warning C4244:         ]
C:\Users\PICHAU\source\repos\gamejaaj\main.cpp(880,67): warning C4244:  'argumento': conversão de 'T' para 'T', possível perda de dados
C:\Users\PICHAU\source\repos\gamejaaj\main.cpp(880,67): warning C4244:         with
C:\Users\PICHAU\source\repos\gamejaaj\main.cpp(880,67): warning C4244:         [
C:\Users\PICHAU\source\repos\gamejaaj\main.cpp(880,67): warning C4244:             T=int
C:\Users\PICHAU\source\repos\gamejaaj\main.cpp(880,67): warning C4244:         ]
C:\Users\PICHAU\source\repos\gamejaaj\main.cpp(880,67): warning C4244:         and
C:\Users\PICHAU\source\repos\gamejaaj\main.cpp(880,67): warning C4244:         [
C:\Users\PICHAU\source\repos\gamejaaj\main.cpp(880,67): warning C4244:             T=float
C:\Users\PICHAU\source\repos\gamejaaj\main.cpp(880,67): warning C4244:         ]
C:\Users\PICHAU\source\repos\gamejaaj\main.cpp(1059,27): warning C4244:  '=': conversão de 'sf::Int64' para 'double', possível perda de dados
  gamejaaj.vcxproj -> C:\Users\PICHAU\source\repos\gamejaaj\Debug\gamejaaj.exe
